0 info it worked if it ends with ok
1 verbose cli [ 'C:\\Program Files\\nodejs\\node.exe',
1 verbose cli   'C:\\Program Files\\nodejs\\node_modules\\npm\\bin\\npm-cli.js',
1 verbose cli   'run',
1 verbose cli   'lint' ]
2 info using npm@3.10.10
3 info using node@v6.10.0
4 verbose run-script [ 'prelint', 'lint', 'postlint' ]
5 info lifecycle portfolio@1.0.0~prelint: portfolio@1.0.0
6 silly lifecycle portfolio@1.0.0~prelint: no script for prelint, continuing
7 info lifecycle portfolio@1.0.0~lint: portfolio@1.0.0
8 verbose lifecycle portfolio@1.0.0~lint: unsafe-perm in lifecycle true
9 verbose lifecycle portfolio@1.0.0~lint: PATH: C:\Program Files\nodejs\node_modules\npm\bin\node-gyp-bin;C:\Users\tmohammed\Dropbox\ragnarok\personal\portfolio\node_modules\.bin;C:\Users\tmohammed\bin;C:\Program Files\Git\mingw64\bin;C:\Program Files\Git\usr\local\bin;C:\Program Files\Git\usr\bin;C:\Program Files\Git\usr\bin;C:\Program Files\Git\mingw64\bin;C:\Program Files\Git\usr\bin;C:\Users\tmohammed\bin;C:\ProgramData\Oracle\Java\javapath;C:\Program Files (x86)\Intel\iCLS Client;C:\Program Files\Intel\iCLS Client;C:\Windows\system32;C:\Windows;C:\Windows\System32\Wbem;C:\Windows\System32\WindowsPowerShell\v1.0;C:\Program Files (x86)\Intel\OpenCL SDK\2.0\bin\x86;C:\Program Files (x86)\Intel\OpenCL SDK\2.0\bin\x64;C:\SWTOOLS\ReadyApps;C:\Program Files (x86)\Common Files\Lenovo;C:\Program Files\Sublime Text 2;C:\Python34;C:\Python34\Scripts;C:\Program Files (x86)\Common Files\lenovo\easyplussdk\bin;C:\Program Files (x86)\Lenovo\Access Connections;C:\Program Files\Intel\Intel(R) Management Engine Components\DAL;C:\Program Files\Intel\Intel(R) Management Engine Components\IPT;C:\Program Files (x86)\Intel\Intel(R) Management Engine Components\DAL;C:\Program Files (x86)\Intel\Intel(R) Management Engine Components\IPT;C:\Program Files\Intel\WiFi\bin;C:\Program Files\Common Files\Intel\WirelessCommon;C:\Program Files\EmEditor;C:\ZipLip\bin;C:\Program Files\Microsoft SQL Server\110\DTS\Binn;C:\Program Files (x86)\Microsoft SQL Server\110\Tools\Binn;C:\Program Files\Microsoft SQL Server\110\Tools\Binn;C:\Program Files (x86)\Microsoft SQL Server\110\Tools\Binn\ManagementStudio;C:\Program Files (x86)\Microsoft Visual Studio 10.0\Common7\IDE\PrivateAssemblies;C:\Program Files (x86)\Microsoft SQL Server\110\DTS\Binn;C:\Users\tmohammed\Downloads\apache-ant-1.9.7-bin\apache-ant-1.9.7\bin;C:\Users\tmohammed\Downloads\apache-maven-3.3.9-bin\apache-maven-3.3.9\bin;C:\Program Files\Amazon\AWSCLI;C:\Program Files\nodejs\node_modules\browserify\bin\cmd.js;C:\Program Files\nodejs;C:\Program Files\Git\cmd;C:\Users\tmohammed\AppData\Local\.meteor;C:\Users\tmohammed\AppData\Roaming\npm;C:\Program Files (x86)\Microsoft VS Code\bin;C:\Program Files\Heroku\bin;C:\Program Files\Git\usr\bin\vendor_perl;C:\Program Files\Git\usr\bin\core_perl
10 verbose lifecycle portfolio@1.0.0~lint: CWD: C:\Users\tmohammed\Dropbox\ragnarok\personal\portfolio
11 silly lifecycle portfolio@1.0.0~lint: Args: [ '/d /s /c', 'eslint app/**/*.js > lintErrors.txt' ]
12 silly lifecycle portfolio@1.0.0~lint: Returned: code: 1  signal: null
13 info lifecycle portfolio@1.0.0~lint: Failed to exec lint script
14 verbose stack Error: portfolio@1.0.0 lint: `eslint app/**/*.js > lintErrors.txt`
14 verbose stack Exit status 1
14 verbose stack     at EventEmitter.<anonymous> (C:\Program Files\nodejs\node_modules\npm\lib\utils\lifecycle.js:255:16)
14 verbose stack     at emitTwo (events.js:106:13)
14 verbose stack     at EventEmitter.emit (events.js:191:7)
14 verbose stack     at ChildProcess.<anonymous> (C:\Program Files\nodejs\node_modules\npm\lib\utils\spawn.js:40:14)
14 verbose stack     at emitTwo (events.js:106:13)
14 verbose stack     at ChildProcess.emit (events.js:191:7)
14 verbose stack     at maybeClose (internal/child_process.js:877:16)
14 verbose stack     at Process.ChildProcess._handle.onexit (internal/child_process.js:226:5)
15 verbose pkgid portfolio@1.0.0
16 verbose cwd C:\Users\tmohammed\Dropbox\ragnarok\personal\portfolio
17 error Windows_NT 6.1.7601
18 error argv "C:\\Program Files\\nodejs\\node.exe" "C:\\Program Files\\nodejs\\node_modules\\npm\\bin\\npm-cli.js" "run" "lint"
19 error node v6.10.0
20 error npm  v3.10.10
21 error code ELIFECYCLE
22 error portfolio@1.0.0 lint: `eslint app/**/*.js > lintErrors.txt`
22 error Exit status 1
23 error Failed at the portfolio@1.0.0 lint script 'eslint app/**/*.js > lintErrors.txt'.
23 error Make sure you have the latest version of node.js and npm installed.
23 error If you do, this is most likely a problem with the portfolio package,
23 error not with npm itself.
23 error Tell the author that this fails on your system:
23 error     eslint app/**/*.js > lintErrors.txt
23 error You can get information on how to open an issue for this project with:
23 error     npm bugs portfolio
23 error Or if that isn't available, you can get their info via:
23 error     npm owner ls portfolio
23 error There is likely additional logging output above.
24 verbose exit [ 1, true ]
